2025-02-27 10:48:58,175 INFO: Application startup: Database tables created [in c:\Users\WVF-D\OneDrive\Desktop\POP-Messenger\app.py:201]
2025-02-27 10:48:58,638 INFO: Application startup: Database tables created [in c:\Users\WVF-D\OneDrive\Desktop\POP-Messenger\app.py:201]
2025-02-27 10:54:54,743 INFO: Application startup: Database tables created [in c:\Users\WVF-D\OneDrive\Desktop\POP-Messenger\app.py:201]
2025-02-27 10:54:55,154 INFO: Application startup: Database tables created [in c:\Users\WVF-D\OneDrive\Desktop\POP-Messenger\app.py:201]
2025-02-27 10:58:05,310 INFO: Application startup: Database tables created [in c:\Users\WVF-D\OneDrive\Desktop\POP-Messenger\app.py:201]
2025-02-27 10:58:05,713 INFO: Application startup: Database tables created [in c:\Users\WVF-D\OneDrive\Desktop\POP-Messenger\app.py:201]
2025-02-27 12:39:35,983 INFO: Application startup: Database tables created [in c:\Users\WVF-D\OneDrive\Desktop\POP-Messenger\app.py:201]
2025-02-27 12:39:36,399 INFO: Application startup: Database tables created [in c:\Users\WVF-D\OneDrive\Desktop\POP-Messenger\app.py:201]
2025-02-27 12:46:47,080 INFO: Application startup: Database tables created [in c:\Users\WVF-D\OneDrive\Desktop\POP-Messenger\app.py:201]
2025-02-27 12:52:37,711 INFO: Application startup: Database tables created [in c:\Users\WVF-D\OneDrive\Desktop\POP-Messenger\app.py:201]
2025-02-27 12:52:38,090 INFO: Application startup: Database tables created [in c:\Users\WVF-D\OneDrive\Desktop\POP-Messenger\app.py:201]
2025-02-27 12:52:46,544 INFO: Application startup: Database tables created [in c:\Users\WVF-D\OneDrive\Desktop\POP-Messenger\app.py:201]
2025-02-27 12:52:46,946 INFO: Application startup: Database tables created [in c:\Users\WVF-D\OneDrive\Desktop\POP-Messenger\app.py:201]
2025-02-27 12:53:03,318 INFO: Application startup: Database tables created [in C:\Users\WVF-D\OneDrive\Desktop\POP-Messenger\app.py:201]
2025-02-27 12:53:03,707 INFO: Application startup: Database tables created [in C:\Users\WVF-D\OneDrive\Desktop\POP-Messenger\app.py:201]
2025-02-27 12:54:24,124 INFO: Application startup: Database tables created [in c:\Users\WVF-D\OneDrive\Desktop\POP-Messenger\app.py:201]
2025-02-27 12:54:24,547 INFO: Application startup: Database tables created [in c:\Users\WVF-D\OneDrive\Desktop\POP-Messenger\app.py:201]
2025-02-27 12:55:19,165 INFO: Application startup: Database tables created [in c:\Users\WVF-D\OneDrive\Desktop\POP-Messenger\app.py:201]
2025-02-27 12:56:17,842 INFO: Application startup: Database tables created [in c:\Users\WVF-D\OneDrive\Desktop\POP-Messenger\app.py:201]
2025-02-27 12:56:44,359 INFO: Application startup: Database tables created [in c:\Users\WVF-D\OneDrive\Desktop\POP-Messenger\app.py:201]
2025-02-27 13:08:47,388 INFO: Application startup: Database tables created [in c:\Users\WVF-D\OneDrive\Desktop\POP-Messenger\app.py:201]
2025-02-27 13:08:47,843 INFO: Application startup: Database tables created [in c:\Users\WVF-D\OneDrive\Desktop\POP-Messenger\app.py:201]
2025-02-27 13:10:52,680 INFO: Application startup: Database tables created [in c:\Users\WVF-D\OneDrive\Desktop\POP-Messenger\app.py:201]
2025-02-27 13:10:54,114 INFO: Application startup: Database tables created [in c:\Users\WVF-D\OneDrive\Desktop\POP-Messenger\app.py:201]
2025-02-27 13:11:02,705 INFO: Application startup: Database tables created [in c:\Users\WVF-D\OneDrive\Desktop\POP-Messenger\app.py:201]
2025-02-27 13:11:03,128 INFO: Application startup: Database tables created [in c:\Users\WVF-D\OneDrive\Desktop\POP-Messenger\app.py:201]
2025-02-27 13:13:11,982 INFO: Application startup: Database tables created [in c:\Users\WVF-D\OneDrive\Desktop\POP-Messenger\app.py:201]
2025-02-27 13:14:40,714 INFO: Application startup: Database tables created [in c:\Users\WVF-D\OneDrive\Desktop\POP-Messenger\app.py:201]
2025-02-27 13:16:20,023 INFO: Application startup: Database tables created [in c:\Users\WVF-D\OneDrive\Desktop\POP-Messenger\app.py:201]
2025-02-27 13:16:20,448 INFO: Application startup: Database tables created [in c:\Users\WVF-D\OneDrive\Desktop\POP-Messenger\app.py:201]
2025-02-27 13:19:35,516 INFO: Application startup: Database tables created [in c:\Users\WVF-D\OneDrive\Desktop\POP-Messenger\app.py:201]
2025-02-27 13:19:55,848 INFO: Application startup: Database tables created [in c:\Users\WVF-D\OneDrive\Desktop\POP-Messenger\app.py:201]
2025-02-27 13:19:56,295 INFO: Application startup: Database tables created [in c:\Users\WVF-D\OneDrive\Desktop\POP-Messenger\app.py:201]
2025-02-27 13:25:21,849 INFO: Application startup: Database tables created [in c:\Users\WVF-D\OneDrive\Desktop\POP-Messenger\app.py:201]
2025-02-27 13:25:27,300 INFO: Application startup: Database tables created [in c:\Users\WVF-D\OneDrive\Desktop\POP-Messenger\app.py:201]
2025-02-27 13:42:10,892 INFO: Application startup: Database tables created [in c:\Users\WVF-D\OneDrive\Desktop\POP-Messenger\app.py:201]
2025-02-27 13:42:11,290 INFO: Application startup: Database tables created [in c:\Users\WVF-D\OneDrive\Desktop\POP-Messenger\app.py:201]
2025-02-27 13:52:13,170 INFO: Application startup: Database tables created [in c:\Users\WVF-D\OneDrive\Desktop\POP-Messenger\app.py:201]
2025-02-27 13:52:13,575 INFO: Application startup: Database tables created [in c:\Users\WVF-D\OneDrive\Desktop\POP-Messenger\app.py:201]
2025-02-27 13:52:36,110 INFO: Application startup: Database tables created [in c:\Users\WVF-D\OneDrive\Desktop\POP-Messenger\app.py:201]
2025-02-27 13:52:50,588 INFO: Application startup: Database tables created [in c:\Users\WVF-D\OneDrive\Desktop\POP-Messenger\app.py:201]
2025-02-27 13:54:00,250 INFO: Application startup: Database tables created [in c:\Users\WVF-D\OneDrive\Desktop\POP-Messenger\app.py:201]
2025-02-27 13:54:27,447 INFO: Application startup: Database tables created [in c:\Users\WVF-D\OneDrive\Desktop\POP-Messenger\app.py:201]
2025-02-27 13:54:27,852 INFO: Application startup: Database tables created [in c:\Users\WVF-D\OneDrive\Desktop\POP-Messenger\app.py:201]
2025-02-27 13:56:45,866 INFO: Application startup: Database tables created [in c:\Users\WVF-D\OneDrive\Desktop\POP-Messenger\app.py:201]
2025-02-27 14:08:18,388 INFO: Application startup: Database tables created [in c:\Users\WVF-D\OneDrive\Desktop\POP-Messenger\app.py:201]
2025-02-27 14:08:18,802 INFO: Application startup: Database tables created [in c:\Users\WVF-D\OneDrive\Desktop\POP-Messenger\app.py:201]
2025-02-27 14:09:48,206 INFO: Application startup: Database tables created [in c:\Users\WVF-D\OneDrive\Desktop\POP-Messenger\app.py:201]
2025-02-27 14:09:48,616 INFO: Application startup: Database tables created [in c:\Users\WVF-D\OneDrive\Desktop\POP-Messenger\app.py:201]
2025-02-27 14:29:20,744 INFO: Application startup: Database tables created [in c:\Users\WVF-D\OneDrive\Desktop\POP-Messenger\app.py:201]
2025-02-27 14:31:13,528 INFO: Application startup: Database tables created [in c:\Users\WVF-D\OneDrive\Desktop\POP-Messenger\app.py:201]
2025-02-27 14:32:06,119 INFO: Application startup: Database tables created [in c:\Users\WVF-D\OneDrive\Desktop\POP-Messenger\app.py:201]
2025-02-27 14:32:45,676 INFO: Application startup: Database tables created [in c:\Users\WVF-D\OneDrive\Desktop\POP-Messenger\app.py:201]
2025-02-27 14:38:04,140 INFO: Application startup: Database tables created [in c:\Users\WVF-D\OneDrive\Desktop\POP-Messenger\app.py:201]
2025-02-27 14:38:06,579 INFO: Application startup: Database tables created [in c:\Users\WVF-D\OneDrive\Desktop\POP-Messenger\app.py:201]
2025-02-27 14:52:19,451 INFO: Application startup: Database tables created [in c:\Users\WVF-D\OneDrive\Desktop\POP-Messenger with AI\app.py:220]
2025-02-27 14:52:19,851 INFO: Application startup: Database tables created [in c:\Users\WVF-D\OneDrive\Desktop\POP-Messenger with AI\app.py:220]
2025-02-27 14:52:26,223 ERROR: Stream error for user {{ username }}: no such column: chat_type [in c:\Users\WVF-D\OneDrive\Desktop\POP-Messenger with AI\app.py:129]
2025-02-27 14:52:26,525 ERROR: Stream error for user {{ username }}: no such column: chat_type [in c:\Users\WVF-D\OneDrive\Desktop\POP-Messenger with AI\app.py:129]
2025-02-27 14:52:27,225 ERROR: Stream error for user {{ username }}: no such column: chat_type [in c:\Users\WVF-D\OneDrive\Desktop\POP-Messenger with AI\app.py:129]
2025-02-27 14:52:27,527 ERROR: Stream error for user {{ username }}: no such column: chat_type [in c:\Users\WVF-D\OneDrive\Desktop\POP-Messenger with AI\app.py:129]
2025-02-27 14:52:28,226 ERROR: Stream error for user {{ username }}: no such column: chat_type [in c:\Users\WVF-D\OneDrive\Desktop\POP-Messenger with AI\app.py:129]
2025-02-27 14:52:28,530 ERROR: Stream error for user {{ username }}: no such column: chat_type [in c:\Users\WVF-D\OneDrive\Desktop\POP-Messenger with AI\app.py:129]
2025-02-27 14:52:29,230 ERROR: Stream error for user {{ username }}: no such column: chat_type [in c:\Users\WVF-D\OneDrive\Desktop\POP-Messenger with AI\app.py:129]
2025-02-27 14:52:29,534 ERROR: Stream error for user {{ username }}: no such column: chat_type [in c:\Users\WVF-D\OneDrive\Desktop\POP-Messenger with AI\app.py:129]
2025-02-27 14:52:30,235 ERROR: Stream error for user {{ username }}: no such column: chat_type [in c:\Users\WVF-D\OneDrive\Desktop\POP-Messenger with AI\app.py:129]
2025-02-27 14:52:30,538 ERROR: Stream error for user {{ username }}: no such column: chat_type [in c:\Users\WVF-D\OneDrive\Desktop\POP-Messenger with AI\app.py:129]
2025-02-27 14:52:31,239 ERROR: Stream error for user {{ username }}: no such column: chat_type [in c:\Users\WVF-D\OneDrive\Desktop\POP-Messenger with AI\app.py:129]
2025-02-27 14:52:31,545 ERROR: Stream error for user {{ username }}: no such column: chat_type [in c:\Users\WVF-D\OneDrive\Desktop\POP-Messenger with AI\app.py:129]
2025-02-27 14:52:32,243 ERROR: Stream error for user {{ username }}: no such column: chat_type [in c:\Users\WVF-D\OneDrive\Desktop\POP-Messenger with AI\app.py:129]
2025-02-27 14:52:32,549 ERROR: Stream error for user {{ username }}: no such column: chat_type [in c:\Users\WVF-D\OneDrive\Desktop\POP-Messenger with AI\app.py:129]
2025-02-27 14:52:33,246 ERROR: Stream error for user {{ username }}: no such column: chat_type [in c:\Users\WVF-D\OneDrive\Desktop\POP-Messenger with AI\app.py:129]
2025-02-27 14:52:33,550 ERROR: Stream error for user {{ username }}: no such column: chat_type [in c:\Users\WVF-D\OneDrive\Desktop\POP-Messenger with AI\app.py:129]
2025-02-27 14:52:34,247 ERROR: Stream error for user {{ username }}: no such column: chat_type [in c:\Users\WVF-D\OneDrive\Desktop\POP-Messenger with AI\app.py:129]
2025-02-27 14:52:34,554 ERROR: Stream error for user {{ username }}: no such column: chat_type [in c:\Users\WVF-D\OneDrive\Desktop\POP-Messenger with AI\app.py:129]
2025-02-27 14:52:35,250 ERROR: Stream error for user {{ username }}: no such column: chat_type [in c:\Users\WVF-D\OneDrive\Desktop\POP-Messenger with AI\app.py:129]
2025-02-27 14:52:35,560 ERROR: Stream error for user {{ username }}: no such column: chat_type [in c:\Users\WVF-D\OneDrive\Desktop\POP-Messenger with AI\app.py:129]
2025-02-27 14:52:36,254 ERROR: Stream error for user {{ username }}: no such column: chat_type [in c:\Users\WVF-D\OneDrive\Desktop\POP-Messenger with AI\app.py:129]
2025-02-27 14:52:36,563 ERROR: Stream error for user {{ username }}: no such column: chat_type [in c:\Users\WVF-D\OneDrive\Desktop\POP-Messenger with AI\app.py:129]
2025-02-27 14:52:37,260 ERROR: Stream error for user {{ username }}: no such column: chat_type [in c:\Users\WVF-D\OneDrive\Desktop\POP-Messenger with AI\app.py:129]
2025-02-27 14:52:37,566 ERROR: Stream error for user {{ username }}: no such column: chat_type [in c:\Users\WVF-D\OneDrive\Desktop\POP-Messenger with AI\app.py:129]
2025-02-27 14:52:38,261 ERROR: Stream error for user {{ username }}: no such column: chat_type [in c:\Users\WVF-D\OneDrive\Desktop\POP-Messenger with AI\app.py:129]
2025-02-27 14:52:38,569 ERROR: Stream error for user {{ username }}: no such column: chat_type [in c:\Users\WVF-D\OneDrive\Desktop\POP-Messenger with AI\app.py:129]
2025-02-27 14:52:39,265 ERROR: Stream error for user {{ username }}: no such column: chat_type [in c:\Users\WVF-D\OneDrive\Desktop\POP-Messenger with AI\app.py:129]
2025-02-27 14:52:39,571 ERROR: Stream error for user {{ username }}: no such column: chat_type [in c:\Users\WVF-D\OneDrive\Desktop\POP-Messenger with AI\app.py:129]
2025-02-27 14:52:40,269 ERROR: Stream error for user {{ username }}: no such column: chat_type [in c:\Users\WVF-D\OneDrive\Desktop\POP-Messenger with AI\app.py:129]
2025-02-27 14:52:40,574 ERROR: Stream error for user {{ username }}: no such column: chat_type [in c:\Users\WVF-D\OneDrive\Desktop\POP-Messenger with AI\app.py:129]
2025-02-27 14:52:41,271 ERROR: Stream error for user {{ username }}: no such column: chat_type [in c:\Users\WVF-D\OneDrive\Desktop\POP-Messenger with AI\app.py:129]
2025-02-27 14:52:41,579 ERROR: Stream error for user {{ username }}: no such column: chat_type [in c:\Users\WVF-D\OneDrive\Desktop\POP-Messenger with AI\app.py:129]
2025-02-27 14:52:42,275 ERROR: Stream error for user {{ username }}: no such column: chat_type [in c:\Users\WVF-D\OneDrive\Desktop\POP-Messenger with AI\app.py:129]
2025-02-27 14:52:42,583 ERROR: Stream error for user {{ username }}: no such column: chat_type [in c:\Users\WVF-D\OneDrive\Desktop\POP-Messenger with AI\app.py:129]
2025-02-27 14:52:43,281 ERROR: Stream error for user {{ username }}: no such column: chat_type [in c:\Users\WVF-D\OneDrive\Desktop\POP-Messenger with AI\app.py:129]
2025-02-27 14:52:43,588 ERROR: Stream error for user {{ username }}: no such column: chat_type [in c:\Users\WVF-D\OneDrive\Desktop\POP-Messenger with AI\app.py:129]
2025-02-27 14:52:44,285 ERROR: Stream error for user {{ username }}: no such column: chat_type [in c:\Users\WVF-D\OneDrive\Desktop\POP-Messenger with AI\app.py:129]
2025-02-27 14:52:44,590 ERROR: Stream error for user {{ username }}: no such column: chat_type [in c:\Users\WVF-D\OneDrive\Desktop\POP-Messenger with AI\app.py:129]
2025-02-27 14:52:45,288 ERROR: Stream error for user {{ username }}: no such column: chat_type [in c:\Users\WVF-D\OneDrive\Desktop\POP-Messenger with AI\app.py:129]
2025-02-27 14:52:45,593 ERROR: Stream error for user {{ username }}: no such column: chat_type [in c:\Users\WVF-D\OneDrive\Desktop\POP-Messenger with AI\app.py:129]
2025-02-27 14:52:46,290 ERROR: Stream error for user {{ username }}: no such column: chat_type [in c:\Users\WVF-D\OneDrive\Desktop\POP-Messenger with AI\app.py:129]
2025-02-27 14:52:46,597 ERROR: Stream error for user {{ username }}: no such column: chat_type [in c:\Users\WVF-D\OneDrive\Desktop\POP-Messenger with AI\app.py:129]
2025-02-27 14:52:47,295 ERROR: Stream error for user {{ username }}: no such column: chat_type [in c:\Users\WVF-D\OneDrive\Desktop\POP-Messenger with AI\app.py:129]
2025-02-27 14:52:47,601 ERROR: Stream error for user {{ username }}: no such column: chat_type [in c:\Users\WVF-D\OneDrive\Desktop\POP-Messenger with AI\app.py:129]
2025-02-27 14:52:48,298 ERROR: Stream error for user {{ username }}: no such column: chat_type [in c:\Users\WVF-D\OneDrive\Desktop\POP-Messenger with AI\app.py:129]
2025-02-27 14:52:48,604 ERROR: Stream error for user {{ username }}: no such column: chat_type [in c:\Users\WVF-D\OneDrive\Desktop\POP-Messenger with AI\app.py:129]
2025-02-27 14:52:49,303 ERROR: Stream error for user {{ username }}: no such column: chat_type [in c:\Users\WVF-D\OneDrive\Desktop\POP-Messenger with AI\app.py:129]
2025-02-27 14:52:49,606 ERROR: Stream error for user {{ username }}: no such column: chat_type [in c:\Users\WVF-D\OneDrive\Desktop\POP-Messenger with AI\app.py:129]
2025-02-27 14:52:50,306 ERROR: Stream error for user {{ username }}: no such column: chat_type [in c:\Users\WVF-D\OneDrive\Desktop\POP-Messenger with AI\app.py:129]
2025-02-27 14:52:50,608 ERROR: Stream error for user {{ username }}: no such column: chat_type [in c:\Users\WVF-D\OneDrive\Desktop\POP-Messenger with AI\app.py:129]
2025-02-27 14:52:51,309 ERROR: Stream error for user {{ username }}: no such column: chat_type [in c:\Users\WVF-D\OneDrive\Desktop\POP-Messenger with AI\app.py:129]
2025-02-27 14:52:51,611 ERROR: Stream error for user {{ username }}: no such column: chat_type [in c:\Users\WVF-D\OneDrive\Desktop\POP-Messenger with AI\app.py:129]
2025-02-27 14:52:52,313 ERROR: Stream error for user {{ username }}: no such column: chat_type [in c:\Users\WVF-D\OneDrive\Desktop\POP-Messenger with AI\app.py:129]
2025-02-27 14:52:52,615 ERROR: Stream error for user {{ username }}: no such column: chat_type [in c:\Users\WVF-D\OneDrive\Desktop\POP-Messenger with AI\app.py:129]
2025-02-27 14:52:53,316 ERROR: Stream error for user {{ username }}: no such column: chat_type [in c:\Users\WVF-D\OneDrive\Desktop\POP-Messenger with AI\app.py:129]
2025-02-27 14:52:53,621 ERROR: Stream error for user {{ username }}: no such column: chat_type [in c:\Users\WVF-D\OneDrive\Desktop\POP-Messenger with AI\app.py:129]
2025-02-27 14:52:54,319 ERROR: Stream error for user {{ username }}: no such column: chat_type [in c:\Users\WVF-D\OneDrive\Desktop\POP-Messenger with AI\app.py:129]
2025-02-27 14:52:54,624 ERROR: Stream error for user {{ username }}: no such column: chat_type [in c:\Users\WVF-D\OneDrive\Desktop\POP-Messenger with AI\app.py:129]
2025-02-27 14:52:55,324 ERROR: Stream error for user {{ username }}: no such column: chat_type [in c:\Users\WVF-D\OneDrive\Desktop\POP-Messenger with AI\app.py:129]
2025-02-27 14:52:55,628 ERROR: Stream error for user {{ username }}: no such column: chat_type [in c:\Users\WVF-D\OneDrive\Desktop\POP-Messenger with AI\app.py:129]
2025-02-27 14:52:56,328 ERROR: Stream error for user {{ username }}: no such column: chat_type [in c:\Users\WVF-D\OneDrive\Desktop\POP-Messenger with AI\app.py:129]
2025-02-27 14:52:56,632 ERROR: Stream error for user {{ username }}: no such column: chat_type [in c:\Users\WVF-D\OneDrive\Desktop\POP-Messenger with AI\app.py:129]
2025-02-27 14:52:57,330 ERROR: Stream error for user {{ username }}: no such column: chat_type [in c:\Users\WVF-D\OneDrive\Desktop\POP-Messenger with AI\app.py:129]
2025-02-27 14:52:57,637 ERROR: Stream error for user {{ username }}: no such column: chat_type [in c:\Users\WVF-D\OneDrive\Desktop\POP-Messenger with AI\app.py:129]
2025-02-27 14:52:57,781 ERROR: Stream error for user {{ username }}: no such column: chat_type [in c:\Users\WVF-D\OneDrive\Desktop\POP-Messenger with AI\app.py:129]
2025-02-27 14:52:58,334 ERROR: Stream error for user {{ username }}: no such column: chat_type [in c:\Users\WVF-D\OneDrive\Desktop\POP-Messenger with AI\app.py:129]
2025-02-27 14:52:58,640 ERROR: Stream error for user {{ username }}: no such column: chat_type [in c:\Users\WVF-D\OneDrive\Desktop\POP-Messenger with AI\app.py:129]
2025-02-27 14:52:58,785 ERROR: Stream error for user {{ username }}: no such column: chat_type [in c:\Users\WVF-D\OneDrive\Desktop\POP-Messenger with AI\app.py:129]
2025-02-27 14:52:59,336 ERROR: Stream error for user {{ username }}: no such column: chat_type [in c:\Users\WVF-D\OneDrive\Desktop\POP-Messenger with AI\app.py:129]
2025-02-27 14:52:59,641 ERROR: Stream error for user {{ username }}: no such column: chat_type [in c:\Users\WVF-D\OneDrive\Desktop\POP-Messenger with AI\app.py:129]
2025-02-27 14:52:59,789 ERROR: Stream error for user {{ username }}: no such column: chat_type [in c:\Users\WVF-D\OneDrive\Desktop\POP-Messenger with AI\app.py:129]
2025-02-27 14:53:00,338 ERROR: Stream error for user {{ username }}: no such column: chat_type [in c:\Users\WVF-D\OneDrive\Desktop\POP-Messenger with AI\app.py:129]
2025-02-27 14:53:00,643 ERROR: Stream error for user {{ username }}: no such column: chat_type [in c:\Users\WVF-D\OneDrive\Desktop\POP-Messenger with AI\app.py:129]
2025-02-27 14:53:00,796 ERROR: Stream error for user {{ username }}: no such column: chat_type [in c:\Users\WVF-D\OneDrive\Desktop\POP-Messenger with AI\app.py:129]
2025-02-27 14:53:01,343 ERROR: Stream error for user {{ username }}: no such column: chat_type [in c:\Users\WVF-D\OneDrive\Desktop\POP-Messenger with AI\app.py:129]
2025-02-27 14:53:01,648 ERROR: Stream error for user {{ username }}: no such column: chat_type [in c:\Users\WVF-D\OneDrive\Desktop\POP-Messenger with AI\app.py:129]
2025-02-27 14:53:01,802 ERROR: Stream error for user {{ username }}: no such column: chat_type [in c:\Users\WVF-D\OneDrive\Desktop\POP-Messenger with AI\app.py:129]
2025-02-27 14:53:02,346 ERROR: Stream error for user {{ username }}: no such column: chat_type [in c:\Users\WVF-D\OneDrive\Desktop\POP-Messenger with AI\app.py:129]
2025-02-27 14:53:02,651 ERROR: Stream error for user {{ username }}: no such column: chat_type [in c:\Users\WVF-D\OneDrive\Desktop\POP-Messenger with AI\app.py:129]
2025-02-27 14:53:02,806 ERROR: Stream error for user {{ username }}: no such column: chat_type [in c:\Users\WVF-D\OneDrive\Desktop\POP-Messenger with AI\app.py:129]
2025-02-27 14:53:03,349 ERROR: Stream error for user {{ username }}: no such column: chat_type [in c:\Users\WVF-D\OneDrive\Desktop\POP-Messenger with AI\app.py:129]
2025-02-27 14:53:03,653 ERROR: Stream error for user {{ username }}: no such column: chat_type [in c:\Users\WVF-D\OneDrive\Desktop\POP-Messenger with AI\app.py:129]
2025-02-27 14:53:03,809 ERROR: Stream error for user {{ username }}: no such column: chat_type [in c:\Users\WVF-D\OneDrive\Desktop\POP-Messenger with AI\app.py:129]
2025-02-27 14:53:04,353 ERROR: Stream error for user {{ username }}: no such column: chat_type [in c:\Users\WVF-D\OneDrive\Desktop\POP-Messenger with AI\app.py:129]
2025-02-27 14:53:04,656 ERROR: Stream error for user {{ username }}: no such column: chat_type [in c:\Users\WVF-D\OneDrive\Desktop\POP-Messenger with AI\app.py:129]
2025-02-27 14:53:04,812 ERROR: Stream error for user {{ username }}: no such column: chat_type [in c:\Users\WVF-D\OneDrive\Desktop\POP-Messenger with AI\app.py:129]
2025-02-27 14:53:05,357 ERROR: Stream error for user {{ username }}: no such column: chat_type [in c:\Users\WVF-D\OneDrive\Desktop\POP-Messenger with AI\app.py:129]
2025-02-27 14:53:05,656 ERROR: Stream error for user {{ username }}: no such column: chat_type [in c:\Users\WVF-D\OneDrive\Desktop\POP-Messenger with AI\app.py:129]
2025-02-27 14:53:05,817 ERROR: Stream error for user {{ username }}: no such column: chat_type [in c:\Users\WVF-D\OneDrive\Desktop\POP-Messenger with AI\app.py:129]
2025-02-27 14:53:06,360 ERROR: Stream error for user {{ username }}: no such column: chat_type [in c:\Users\WVF-D\OneDrive\Desktop\POP-Messenger with AI\app.py:129]
2025-02-27 14:53:06,659 ERROR: Stream error for user {{ username }}: no such column: chat_type [in c:\Users\WVF-D\OneDrive\Desktop\POP-Messenger with AI\app.py:129]
2025-02-27 14:53:06,820 ERROR: Stream error for user {{ username }}: no such column: chat_type [in c:\Users\WVF-D\OneDrive\Desktop\POP-Messenger with AI\app.py:129]
2025-02-27 14:53:07,364 ERROR: Stream error for user {{ username }}: no such column: chat_type [in c:\Users\WVF-D\OneDrive\Desktop\POP-Messenger with AI\app.py:129]
2025-02-27 14:53:07,660 ERROR: Stream error for user {{ username }}: no such column: chat_type [in c:\Users\WVF-D\OneDrive\Desktop\POP-Messenger with AI\app.py:129]
2025-02-27 14:53:07,826 ERROR: Stream error for user {{ username }}: no such column: chat_type [in c:\Users\WVF-D\OneDrive\Desktop\POP-Messenger with AI\app.py:129]
2025-02-27 14:53:08,368 ERROR: Stream error for user {{ username }}: no such column: chat_type [in c:\Users\WVF-D\OneDrive\Desktop\POP-Messenger with AI\app.py:129]
2025-02-27 14:53:08,662 ERROR: Stream error for user {{ username }}: no such column: chat_type [in c:\Users\WVF-D\OneDrive\Desktop\POP-Messenger with AI\app.py:129]
2025-02-27 14:53:08,830 ERROR: Stream error for user {{ username }}: no such column: chat_type [in c:\Users\WVF-D\OneDrive\Desktop\POP-Messenger with AI\app.py:129]
2025-02-27 14:53:09,370 ERROR: Stream error for user {{ username }}: no such column: chat_type [in c:\Users\WVF-D\OneDrive\Desktop\POP-Messenger with AI\app.py:129]
2025-02-27 14:53:09,663 ERROR: Stream error for user {{ username }}: no such column: chat_type [in c:\Users\WVF-D\OneDrive\Desktop\POP-Messenger with AI\app.py:129]
2025-02-27 14:53:09,837 ERROR: Stream error for user {{ username }}: no such column: chat_type [in c:\Users\WVF-D\OneDrive\Desktop\POP-Messenger with AI\app.py:129]
2025-02-27 14:53:10,372 ERROR: Stream error for user {{ username }}: no such column: chat_type [in c:\Users\WVF-D\OneDrive\Desktop\POP-Messenger with AI\app.py:129]
2025-02-27 14:53:10,665 ERROR: Stream error for user {{ username }}: no such column: chat_type [in c:\Users\WVF-D\OneDrive\Desktop\POP-Messenger with AI\app.py:129]
2025-02-27 14:53:10,841 ERROR: Stream error for user {{ username }}: no such column: chat_type [in c:\Users\WVF-D\OneDrive\Desktop\POP-Messenger with AI\app.py:129]
2025-02-27 14:53:11,375 ERROR: Stream error for user {{ username }}: no such column: chat_type [in c:\Users\WVF-D\OneDrive\Desktop\POP-Messenger with AI\app.py:129]
2025-02-27 14:53:11,667 ERROR: Stream error for user {{ username }}: no such column: chat_type [in c:\Users\WVF-D\OneDrive\Desktop\POP-Messenger with AI\app.py:129]
2025-02-27 14:53:11,844 ERROR: Stream error for user {{ username }}: no such column: chat_type [in c:\Users\WVF-D\OneDrive\Desktop\POP-Messenger with AI\app.py:129]
2025-02-27 14:53:12,376 ERROR: Stream error for user {{ username }}: no such column: chat_type [in c:\Users\WVF-D\OneDrive\Desktop\POP-Messenger with AI\app.py:129]
2025-02-27 14:53:12,669 ERROR: Stream error for user {{ username }}: no such column: chat_type [in c:\Users\WVF-D\OneDrive\Desktop\POP-Messenger with AI\app.py:129]
2025-02-27 14:53:12,848 ERROR: Stream error for user {{ username }}: no such column: chat_type [in c:\Users\WVF-D\OneDrive\Desktop\POP-Messenger with AI\app.py:129]
2025-02-27 14:53:13,380 ERROR: Stream error for user {{ username }}: no such column: chat_type [in c:\Users\WVF-D\OneDrive\Desktop\POP-Messenger with AI\app.py:129]
2025-02-27 14:53:13,672 ERROR: Stream error for user {{ username }}: no such column: chat_type [in c:\Users\WVF-D\OneDrive\Desktop\POP-Messenger with AI\app.py:129]
2025-02-27 14:53:13,854 ERROR: Stream error for user {{ username }}: no such column: chat_type [in c:\Users\WVF-D\OneDrive\Desktop\POP-Messenger with AI\app.py:129]
2025-02-27 14:53:14,381 ERROR: Stream error for user {{ username }}: no such column: chat_type [in c:\Users\WVF-D\OneDrive\Desktop\POP-Messenger with AI\app.py:129]
2025-02-27 14:53:14,674 ERROR: Stream error for user {{ username }}: no such column: chat_type [in c:\Users\WVF-D\OneDrive\Desktop\POP-Messenger with AI\app.py:129]
2025-02-27 14:53:14,863 ERROR: Stream error for user {{ username }}: no such column: chat_type [in c:\Users\WVF-D\OneDrive\Desktop\POP-Messenger with AI\app.py:129]
2025-02-27 14:53:15,385 ERROR: Stream error for user {{ username }}: no such column: chat_type [in c:\Users\WVF-D\OneDrive\Desktop\POP-Messenger with AI\app.py:129]
2025-02-27 14:53:15,676 ERROR: Stream error for user {{ username }}: no such column: chat_type [in c:\Users\WVF-D\OneDrive\Desktop\POP-Messenger with AI\app.py:129]
2025-02-27 14:53:15,866 ERROR: Stream error for user {{ username }}: no such column: chat_type [in c:\Users\WVF-D\OneDrive\Desktop\POP-Messenger with AI\app.py:129]
2025-02-27 14:53:16,389 ERROR: Stream error for user {{ username }}: no such column: chat_type [in c:\Users\WVF-D\OneDrive\Desktop\POP-Messenger with AI\app.py:129]
2025-02-27 14:53:16,681 ERROR: Stream error for user {{ username }}: no such column: chat_type [in c:\Users\WVF-D\OneDrive\Desktop\POP-Messenger with AI\app.py:129]
2025-02-27 14:53:16,872 ERROR: Stream error for user {{ username }}: no such column: chat_type [in c:\Users\WVF-D\OneDrive\Desktop\POP-Messenger with AI\app.py:129]
2025-02-27 14:53:17,391 ERROR: Stream error for user {{ username }}: no such column: chat_type [in c:\Users\WVF-D\OneDrive\Desktop\POP-Messenger with AI\app.py:129]
2025-02-27 14:53:17,685 ERROR: Stream error for user {{ username }}: no such column: chat_type [in c:\Users\WVF-D\OneDrive\Desktop\POP-Messenger with AI\app.py:129]
2025-02-27 14:53:17,877 ERROR: Stream error for user {{ username }}: no such column: chat_type [in c:\Users\WVF-D\OneDrive\Desktop\POP-Messenger with AI\app.py:129]
2025-02-27 14:53:18,394 ERROR: Stream error for user {{ username }}: no such column: chat_type [in c:\Users\WVF-D\OneDrive\Desktop\POP-Messenger with AI\app.py:129]
2025-02-27 14:53:18,688 ERROR: Stream error for user {{ username }}: no such column: chat_type [in c:\Users\WVF-D\OneDrive\Desktop\POP-Messenger with AI\app.py:129]
2025-02-27 14:53:18,879 ERROR: Stream error for user {{ username }}: no such column: chat_type [in c:\Users\WVF-D\OneDrive\Desktop\POP-Messenger with AI\app.py:129]
2025-02-27 14:53:19,396 ERROR: Stream error for user {{ username }}: no such column: chat_type [in c:\Users\WVF-D\OneDrive\Desktop\POP-Messenger with AI\app.py:129]
2025-02-27 14:53:19,690 ERROR: Stream error for user {{ username }}: no such column: chat_type [in c:\Users\WVF-D\OneDrive\Desktop\POP-Messenger with AI\app.py:129]
2025-02-27 14:53:19,882 ERROR: Stream error for user {{ username }}: no such column: chat_type [in c:\Users\WVF-D\OneDrive\Desktop\POP-Messenger with AI\app.py:129]
2025-02-27 14:53:20,401 ERROR: Stream error for user {{ username }}: no such column: chat_type [in c:\Users\WVF-D\OneDrive\Desktop\POP-Messenger with AI\app.py:129]
2025-02-27 14:53:20,695 ERROR: Stream error for user {{ username }}: no such column: chat_type [in c:\Users\WVF-D\OneDrive\Desktop\POP-Messenger with AI\app.py:129]
2025-02-27 14:53:20,886 ERROR: Stream error for user {{ username }}: no such column: chat_type [in c:\Users\WVF-D\OneDrive\Desktop\POP-Messenger with AI\app.py:129]
2025-02-27 14:53:21,406 ERROR: Stream error for user {{ username }}: no such column: chat_type [in c:\Users\WVF-D\OneDrive\Desktop\POP-Messenger with AI\app.py:129]
2025-02-27 14:53:21,699 ERROR: Stream error for user {{ username }}: no such column: chat_type [in c:\Users\WVF-D\OneDrive\Desktop\POP-Messenger with AI\app.py:129]
2025-02-27 14:53:21,890 ERROR: Stream error for user {{ username }}: no such column: chat_type [in c:\Users\WVF-D\OneDrive\Desktop\POP-Messenger with AI\app.py:129]
2025-02-27 14:53:22,411 ERROR: Stream error for user {{ username }}: no such column: chat_type [in c:\Users\WVF-D\OneDrive\Desktop\POP-Messenger with AI\app.py:129]
2025-02-27 14:53:22,704 ERROR: Stream error for user {{ username }}: no such column: chat_type [in c:\Users\WVF-D\OneDrive\Desktop\POP-Messenger with AI\app.py:129]
2025-02-27 14:53:22,893 ERROR: Stream error for user {{ username }}: no such column: chat_type [in c:\Users\WVF-D\OneDrive\Desktop\POP-Messenger with AI\app.py:129]
2025-02-27 14:53:23,415 ERROR: Stream error for user {{ username }}: no such column: chat_type [in c:\Users\WVF-D\OneDrive\Desktop\POP-Messenger with AI\app.py:129]
2025-02-27 14:53:23,708 ERROR: Stream error for user {{ username }}: no such column: chat_type [in c:\Users\WVF-D\OneDrive\Desktop\POP-Messenger with AI\app.py:129]
2025-02-27 14:53:23,896 ERROR: Stream error for user {{ username }}: no such column: chat_type [in c:\Users\WVF-D\OneDrive\Desktop\POP-Messenger with AI\app.py:129]
2025-02-27 14:53:24,421 ERROR: Stream error for user {{ username }}: no such column: chat_type [in c:\Users\WVF-D\OneDrive\Desktop\POP-Messenger with AI\app.py:129]
2025-02-27 14:53:24,711 ERROR: Stream error for user {{ username }}: no such column: chat_type [in c:\Users\WVF-D\OneDrive\Desktop\POP-Messenger with AI\app.py:129]
2025-02-27 14:53:24,899 ERROR: Stream error for user {{ username }}: no such column: chat_type [in c:\Users\WVF-D\OneDrive\Desktop\POP-Messenger with AI\app.py:129]
2025-02-27 14:53:25,424 ERROR: Stream error for user {{ username }}: no such column: chat_type [in c:\Users\WVF-D\OneDrive\Desktop\POP-Messenger with AI\app.py:129]
2025-02-27 14:53:25,715 ERROR: Stream error for user {{ username }}: no such column: chat_type [in c:\Users\WVF-D\OneDrive\Desktop\POP-Messenger with AI\app.py:129]
2025-02-27 14:53:25,903 ERROR: Stream error for user {{ username }}: no such column: chat_type [in c:\Users\WVF-D\OneDrive\Desktop\POP-Messenger with AI\app.py:129]
2025-02-27 14:53:26,427 ERROR: Stream error for user {{ username }}: no such column: chat_type [in c:\Users\WVF-D\OneDrive\Desktop\POP-Messenger with AI\app.py:129]
2025-02-27 14:53:26,717 ERROR: Stream error for user {{ username }}: no such column: chat_type [in c:\Users\WVF-D\OneDrive\Desktop\POP-Messenger with AI\app.py:129]
2025-02-27 14:53:26,908 ERROR: Stream error for user {{ username }}: no such column: chat_type [in c:\Users\WVF-D\OneDrive\Desktop\POP-Messenger with AI\app.py:129]
2025-02-27 14:53:27,428 ERROR: Stream error for user {{ username }}: no such column: chat_type [in c:\Users\WVF-D\OneDrive\Desktop\POP-Messenger with AI\app.py:129]
2025-02-27 14:53:27,719 ERROR: Stream error for user {{ username }}: no such column: chat_type [in c:\Users\WVF-D\OneDrive\Desktop\POP-Messenger with AI\app.py:129]
2025-02-27 14:53:27,911 ERROR: Stream error for user {{ username }}: no such column: chat_type [in c:\Users\WVF-D\OneDrive\Desktop\POP-Messenger with AI\app.py:129]
2025-02-27 14:53:28,432 ERROR: Stream error for user {{ username }}: no such column: chat_type [in c:\Users\WVF-D\OneDrive\Desktop\POP-Messenger with AI\app.py:129]
2025-02-27 14:53:28,724 ERROR: Stream error for user {{ username }}: no such column: chat_type [in c:\Users\WVF-D\OneDrive\Desktop\POP-Messenger with AI\app.py:129]
2025-02-27 14:53:28,915 ERROR: Stream error for user {{ username }}: no such column: chat_type [in c:\Users\WVF-D\OneDrive\Desktop\POP-Messenger with AI\app.py:129]
2025-02-27 14:53:29,437 ERROR: Stream error for user {{ username }}: no such column: chat_type [in c:\Users\WVF-D\OneDrive\Desktop\POP-Messenger with AI\app.py:129]
2025-02-27 14:53:29,729 ERROR: Stream error for user {{ username }}: no such column: chat_type [in c:\Users\WVF-D\OneDrive\Desktop\POP-Messenger with AI\app.py:129]
2025-02-27 14:53:29,921 ERROR: Stream error for user {{ username }}: no such column: chat_type [in c:\Users\WVF-D\OneDrive\Desktop\POP-Messenger with AI\app.py:129]
2025-02-27 14:53:30,441 ERROR: Stream error for user {{ username }}: no such column: chat_type [in c:\Users\WVF-D\OneDrive\Desktop\POP-Messenger with AI\app.py:129]
2025-02-27 14:53:30,733 ERROR: Stream error for user {{ username }}: no such column: chat_type [in c:\Users\WVF-D\OneDrive\Desktop\POP-Messenger with AI\app.py:129]
2025-02-27 14:53:30,925 ERROR: Stream error for user {{ username }}: no such column: chat_type [in c:\Users\WVF-D\OneDrive\Desktop\POP-Messenger with AI\app.py:129]
2025-02-27 14:53:31,444 ERROR: Stream error for user {{ username }}: no such column: chat_type [in c:\Users\WVF-D\OneDrive\Desktop\POP-Messenger with AI\app.py:129]
2025-02-27 14:53:31,738 ERROR: Stream error for user {{ username }}: no such column: chat_type [in c:\Users\WVF-D\OneDrive\Desktop\POP-Messenger with AI\app.py:129]
2025-02-27 14:53:31,928 ERROR: Stream error for user {{ username }}: no such column: chat_type [in c:\Users\WVF-D\OneDrive\Desktop\POP-Messenger with AI\app.py:129]
2025-02-27 14:53:32,447 ERROR: Stream error for user {{ username }}: no such column: chat_type [in c:\Users\WVF-D\OneDrive\Desktop\POP-Messenger with AI\app.py:129]
2025-02-27 14:53:32,740 ERROR: Stream error for user {{ username }}: no such column: chat_type [in c:\Users\WVF-D\OneDrive\Desktop\POP-Messenger with AI\app.py:129]
2025-02-27 14:53:32,931 ERROR: Stream error for user {{ username }}: no such column: chat_type [in c:\Users\WVF-D\OneDrive\Desktop\POP-Messenger with AI\app.py:129]
2025-02-27 14:53:33,453 ERROR: Stream error for user {{ username }}: no such column: chat_type [in c:\Users\WVF-D\OneDrive\Desktop\POP-Messenger with AI\app.py:129]
2025-02-27 14:53:33,741 ERROR: Stream error for user {{ username }}: no such column: chat_type [in c:\Users\WVF-D\OneDrive\Desktop\POP-Messenger with AI\app.py:129]
2025-02-27 14:53:33,933 ERROR: Stream error for user {{ username }}: no such column: chat_type [in c:\Users\WVF-D\OneDrive\Desktop\POP-Messenger with AI\app.py:129]
2025-02-27 14:53:34,457 ERROR: Stream error for user {{ username }}: no such column: chat_type [in c:\Users\WVF-D\OneDrive\Desktop\POP-Messenger with AI\app.py:129]
2025-02-27 14:53:34,746 ERROR: Stream error for user {{ username }}: no such column: chat_type [in c:\Users\WVF-D\OneDrive\Desktop\POP-Messenger with AI\app.py:129]
2025-02-27 14:53:34,936 ERROR: Stream error for user {{ username }}: no such column: chat_type [in c:\Users\WVF-D\OneDrive\Desktop\POP-Messenger with AI\app.py:129]
2025-02-27 14:53:35,460 ERROR: Stream error for user {{ username }}: no such column: chat_type [in c:\Users\WVF-D\OneDrive\Desktop\POP-Messenger with AI\app.py:129]
2025-02-27 14:53:35,749 ERROR: Stream error for user {{ username }}: no such column: chat_type [in c:\Users\WVF-D\OneDrive\Desktop\POP-Messenger with AI\app.py:129]
2025-02-27 14:53:35,940 ERROR: Stream error for user {{ username }}: no such column: chat_type [in c:\Users\WVF-D\OneDrive\Desktop\POP-Messenger with AI\app.py:129]
2025-02-27 14:53:36,463 ERROR: Stream error for user {{ username }}: no such column: chat_type [in c:\Users\WVF-D\OneDrive\Desktop\POP-Messenger with AI\app.py:129]
2025-02-27 14:53:36,752 ERROR: Stream error for user {{ username }}: no such column: chat_type [in c:\Users\WVF-D\OneDrive\Desktop\POP-Messenger with AI\app.py:129]
2025-02-27 14:53:36,944 ERROR: Stream error for user {{ username }}: no such column: chat_type [in c:\Users\WVF-D\OneDrive\Desktop\POP-Messenger with AI\app.py:129]
2025-02-27 14:53:37,466 ERROR: Stream error for user {{ username }}: no such column: chat_type [in c:\Users\WVF-D\OneDrive\Desktop\POP-Messenger with AI\app.py:129]
2025-02-27 14:53:37,755 ERROR: Stream error for user {{ username }}: no such column: chat_type [in c:\Users\WVF-D\OneDrive\Desktop\POP-Messenger with AI\app.py:129]
2025-02-27 14:53:37,946 ERROR: Stream error for user {{ username }}: no such column: chat_type [in c:\Users\WVF-D\OneDrive\Desktop\POP-Messenger with AI\app.py:129]
2025-02-27 14:53:38,472 ERROR: Stream error for user {{ username }}: no such column: chat_type [in c:\Users\WVF-D\OneDrive\Desktop\POP-Messenger with AI\app.py:129]
2025-02-27 14:53:38,760 ERROR: Stream error for user {{ username }}: no such column: chat_type [in c:\Users\WVF-D\OneDrive\Desktop\POP-Messenger with AI\app.py:129]
2025-02-27 14:53:38,949 ERROR: Stream error for user {{ username }}: no such column: chat_type [in c:\Users\WVF-D\OneDrive\Desktop\POP-Messenger with AI\app.py:129]
2025-02-27 14:53:39,477 ERROR: Stream error for user {{ username }}: no such column: chat_type [in c:\Users\WVF-D\OneDrive\Desktop\POP-Messenger with AI\app.py:129]
2025-02-27 14:53:39,763 ERROR: Stream error for user {{ username }}: no such column: chat_type [in c:\Users\WVF-D\OneDrive\Desktop\POP-Messenger with AI\app.py:129]
2025-02-27 14:53:39,955 ERROR: Stream error for user {{ username }}: no such column: chat_type [in c:\Users\WVF-D\OneDrive\Desktop\POP-Messenger with AI\app.py:129]
2025-02-27 14:53:40,482 ERROR: Stream error for user {{ username }}: no such column: chat_type [in c:\Users\WVF-D\OneDrive\Desktop\POP-Messenger with AI\app.py:129]
2025-02-27 14:53:40,765 ERROR: Stream error for user {{ username }}: no such column: chat_type [in c:\Users\WVF-D\OneDrive\Desktop\POP-Messenger with AI\app.py:129]
2025-02-27 14:53:40,961 ERROR: Stream error for user {{ username }}: no such column: chat_type [in c:\Users\WVF-D\OneDrive\Desktop\POP-Messenger with AI\app.py:129]
2025-02-27 14:53:41,484 ERROR: Stream error for user {{ username }}: no such column: chat_type [in c:\Users\WVF-D\OneDrive\Desktop\POP-Messenger with AI\app.py:129]
2025-02-27 14:53:41,768 ERROR: Stream error for user {{ username }}: no such column: chat_type [in c:\Users\WVF-D\OneDrive\Desktop\POP-Messenger with AI\app.py:129]
2025-02-27 14:53:41,967 ERROR: Stream error for user {{ username }}: no such column: chat_type [in c:\Users\WVF-D\OneDrive\Desktop\POP-Messenger with AI\app.py:129]
2025-02-27 14:53:42,487 ERROR: Stream error for user {{ username }}: no such column: chat_type [in c:\Users\WVF-D\OneDrive\Desktop\POP-Messenger with AI\app.py:129]
2025-02-27 14:53:42,771 ERROR: Stream error for user {{ username }}: no such column: chat_type [in c:\Users\WVF-D\OneDrive\Desktop\POP-Messenger with AI\app.py:129]
2025-02-27 14:53:42,971 ERROR: Stream error for user {{ username }}: no such column: chat_type [in c:\Users\WVF-D\OneDrive\Desktop\POP-Messenger with AI\app.py:129]
2025-02-27 14:53:43,490 ERROR: Stream error for user {{ username }}: no such column: chat_type [in c:\Users\WVF-D\OneDrive\Desktop\POP-Messenger with AI\app.py:129]
2025-02-27 14:53:43,773 ERROR: Stream error for user {{ username }}: no such column: chat_type [in c:\Users\WVF-D\OneDrive\Desktop\POP-Messenger with AI\app.py:129]
2025-02-27 14:53:43,974 ERROR: Stream error for user {{ username }}: no such column: chat_type [in c:\Users\WVF-D\OneDrive\Desktop\POP-Messenger with AI\app.py:129]
2025-02-27 14:53:44,493 ERROR: Stream error for user {{ username }}: no such column: chat_type [in c:\Users\WVF-D\OneDrive\Desktop\POP-Messenger with AI\app.py:129]
2025-02-27 14:53:44,776 ERROR: Stream error for user {{ username }}: no such column: chat_type [in c:\Users\WVF-D\OneDrive\Desktop\POP-Messenger with AI\app.py:129]
2025-02-27 14:53:44,975 ERROR: Stream error for user {{ username }}: no such column: chat_type [in c:\Users\WVF-D\OneDrive\Desktop\POP-Messenger with AI\app.py:129]
2025-02-27 14:53:45,494 ERROR: Stream error for user {{ username }}: no such column: chat_type [in c:\Users\WVF-D\OneDrive\Desktop\POP-Messenger with AI\app.py:129]
2025-02-27 14:53:45,779 ERROR: Stream error for user {{ username }}: no such column: chat_type [in c:\Users\WVF-D\OneDrive\Desktop\POP-Messenger with AI\app.py:129]
2025-02-27 14:53:45,980 ERROR: Stream error for user {{ username }}: no such column: chat_type [in c:\Users\WVF-D\OneDrive\Desktop\POP-Messenger with AI\app.py:129]
2025-02-27 14:53:46,498 ERROR: Stream error for user {{ username }}: no such column: chat_type [in c:\Users\WVF-D\OneDrive\Desktop\POP-Messenger with AI\app.py:129]
2025-02-27 14:53:46,781 ERROR: Stream error for user {{ username }}: no such column: chat_type [in c:\Users\WVF-D\OneDrive\Desktop\POP-Messenger with AI\app.py:129]
2025-02-27 14:53:46,984 ERROR: Stream error for user {{ username }}: no such column: chat_type [in c:\Users\WVF-D\OneDrive\Desktop\POP-Messenger with AI\app.py:129]
2025-02-27 14:53:47,502 ERROR: Stream error for user {{ username }}: no such column: chat_type [in c:\Users\WVF-D\OneDrive\Desktop\POP-Messenger with AI\app.py:129]
2025-02-27 14:53:47,785 ERROR: Stream error for user {{ username }}: no such column: chat_type [in c:\Users\WVF-D\OneDrive\Desktop\POP-Messenger with AI\app.py:129]
2025-02-27 14:53:47,987 ERROR: Stream error for user {{ username }}: no such column: chat_type [in c:\Users\WVF-D\OneDrive\Desktop\POP-Messenger with AI\app.py:129]
2025-02-27 14:53:48,589 INFO: Application startup: Database tables created [in c:\Users\WVF-D\OneDrive\Desktop\POP-Messenger with AI\app.py:201]
2025-02-27 14:54:31,006 INFO: Application startup: Database tables created [in c:\Users\WVF-D\OneDrive\Desktop\POP-Messenger with AI\app.py:201]
2025-02-27 14:54:31,409 INFO: Application startup: Database tables created [in c:\Users\WVF-D\OneDrive\Desktop\POP-Messenger with AI\app.py:201]
